TN:
SF:config/environment.cjs
FN:5,(anonymous_0)
FN:14,(anonymous_1)
FN:22,(anonymous_2)
FN:50,(anonymous_3)
FNF:4
FNH:4
FNDA:1,(anonymous_0)
FNDA:1,(anonymous_1)
FNDA:1,(anonymous_2)
FNDA:1,(anonymous_3)
DA:1,1
DA:2,1
DA:5,1
DA:6,1
DA:12,1
DA:13,1
DA:14,1
DA:16,1
DA:17,0
DA:22,1
DA:23,1
DA:24,1
DA:25,1
DA:26,1
DA:27,1
DA:29,1
DA:30,1
DA:31,1
DA:32,1
DA:33,1
DA:34,0
DA:39,1
DA:41,0
DA:42,0
DA:47,1
DA:50,1
DA:51,1
DA:52,1
DA:53,1
DA:55,1
DA:88,1
DA:89,1
DA:90,1
DA:91,1
DA:93,1
DA:96,1
LF:36
LH:32
BRDA:12,0,0,1
BRDA:12,0,1,0
BRDA:16,1,0,0
BRDA:16,1,1,1
BRDA:24,2,0,1
BRDA:24,2,1,0
BRDA:30,3,0,1
BRDA:30,3,1,0
BRDA:33,4,0,0
BRDA:33,4,1,1
BRDA:52,5,0,1
BRDA:52,5,1,1
BRDA:53,6,0,1
BRDA:53,6,1,0
BRDA:64,7,0,1
BRDA:64,7,1,0
BRDA:65,8,0,1
BRDA:65,8,1,0
BRDA:66,9,0,1
BRDA:66,9,1,0
BRDA:71,10,0,1
BRDA:71,10,1,1
BRDA:74,11,0,1
BRDA:74,11,1,1
BRDA:75,12,0,1
BRDA:75,12,1,1
BRDA:80,13,0,0
BRDA:80,13,1,1
BRDA:83,14,0,1
BRDA:83,14,1,1
BRDA:88,15,0,0
BRDA:88,15,1,1
BRDA:89,16,0,0
BRDA:89,16,1,1
BRDA:90,17,0,0
BRDA:90,17,1,1
BRDA:91,18,0,0
BRDA:91,18,1,1
BRDA:91,19,0,1
BRDA:91,19,1,0
BRF:40
BRH:25
end_of_record
TN:
SF:utils/auth.cjs
FN:24,(anonymous_0)
FN:65,(anonymous_1)
FN:100,(anonymous_2)
FN:133,(anonymous_3)
FN:155,(anonymous_4)
FNF:5
FNH:1
FNDA:0,(anonymous_0)
FNDA:0,(anonymous_1)
FNDA:4,(anonymous_2)
FNDA:0,(anonymous_3)
FNDA:0,(anonymous_4)
DA:1,1
DA:2,1
DA:3,1
DA:4,1
DA:7,1
DA:16,1
DA:17,1
DA:18,0
DA:21,1
DA:22,1
DA:24,1
DA:25,0
DA:26,0
DA:30,0
DA:47,0
DA:61,0
DA:65,1
DA:66,0
DA:67,0
DA:70,0
DA:71,0
DA:78,0
DA:79,0
DA:83,0
DA:84,0
DA:85,0
DA:88,0
DA:90,0
DA:91,0
DA:92,0
DA:93,0
DA:95,0
DA:100,1
DA:101,4
DA:102,2
DA:105,2
DA:107,2
DA:108,2
DA:109,2
DA:111,0
DA:112,0
DA:116,0
DA:117,0
DA:118,0
DA:120,0
DA:123,0
DA:132,0
DA:133,0
DA:134,0
DA:135,0
DA:139,0
DA:140,0
DA:141,0
DA:144,0
DA:146,2
DA:150,2
DA:155,1
DA:157,0
DA:158,0
DA:162,0
DA:163,0
DA:164,0
DA:167,0
DA:168,0
DA:171,0
DA:172,0
DA:173,0
DA:176,0
DA:179,1
LF:69
LH:22
BRDA:17,0,0,0
BRDA:17,0,1,1
BRDA:25,1,0,0
BRDA:25,1,1,0
BRDA:25,2,0,0
BRDA:25,2,1,0
BRDA:25,2,2,0
BRDA:65,3,0,0
BRDA:66,4,0,0
BRDA:66,4,1,0
BRDA:78,5,0,0
BRDA:78,5,1,0
BRDA:78,6,0,0
BRDA:78,6,1,0
BRDA:84,7,0,0
BRDA:84,7,1,0
BRDA:84,8,0,0
BRDA:84,8,1,0
BRDA:90,9,0,0
BRDA:90,9,1,0
BRDA:92,10,0,0
BRDA:92,10,1,0
BRDA:101,11,0,2
BRDA:101,11,1,2
BRDA:108,12,0,2
BRDA:108,12,1,0
BRDA:111,13,0,0
BRDA:111,13,1,0
BRDA:111,14,0,0
BRDA:111,14,1,0
BRDA:117,15,0,0
BRDA:117,15,1,0
BRDA:126,16,0,0
BRDA:126,16,1,0
BRDA:134,17,0,0
BRDA:134,17,1,0
BRDA:140,18,0,0
BRDA:140,18,1,0
BRDA:157,19,0,0
BRDA:157,19,1,0
BRDA:163,20,0,0
BRDA:163,20,1,0
BRDA:167,21,0,0
BRDA:167,21,1,0
BRDA:172,22,0,0
BRDA:172,22,1,0
BRF:46
BRH:4
end_of_record
TN:
SF:utils/logger.cjs
FN:19,(anonymous_0)
FN:85,(anonymous_1)
FN:103,(anonymous_2)
FN:132,(anonymous_3)
FN:158,(anonymous_4)
FN:169,(anonymous_5)
FNF:6
FNH:1
FNDA:4,(anonymous_0)
FNDA:0,(anonymous_1)
FNDA:0,(anonymous_2)
FNDA:0,(anonymous_3)
FNDA:0,(anonymous_4)
FNDA:0,(anonymous_5)
DA:1,1
DA:2,1
DA:3,1
DA:4,1
DA:7,1
DA:8,1
DA:9,1
DA:10,1
DA:11,1
DA:14,1
DA:15,0
DA:19,1
DA:20,4
DA:21,4
DA:22,4
DA:24,4
DA:28,1
DA:35,1
DA:85,1
DA:87,0
DA:88,0
DA:91,0
DA:94,0
DA:103,0
DA:104,0
DA:105,0
DA:107,0
DA:118,0
DA:119,0
DA:128,0
DA:132,1
DA:133,0
DA:154,0
DA:158,1
DA:159,0
DA:160,0
DA:169,1
DA:170,0
DA:179,1
LF:39
LH:22
BRDA:7,0,0,1
BRDA:7,0,1,1
BRDA:8,1,0,1
BRDA:8,1,1,0
BRDA:9,2,0,1
BRDA:9,2,1,1
BRDA:10,3,0,1
BRDA:10,3,1,1
BRDA:11,4,0,1
BRDA:11,4,1,1
BRDA:14,5,0,0
BRDA:14,5,1,1
BRDA:21,6,0,4
BRDA:21,6,1,0
BRDA:37,7,0,0
BRDA:37,7,1,1
BRDA:52,8,0,0
BRDA:52,8,1,1
BRDA:60,9,0,0
BRDA:60,9,1,1
BRDA:87,10,0,0
BRDA:87,10,1,0
BRDA:87,11,0,0
BRDA:87,11,1,0
BRDA:105,12,0,0
BRDA:105,12,1,0
BRDA:118,13,0,0
BRDA:118,13,1,0
BRDA:158,14,0,0
BRDA:159,15,0,0
BRDA:159,15,1,0
BRDA:169,16,0,0
BRF:32
BRH:14
end_of_record
